<?xml version="1.0" encoding="UTF-8"?>
<!-- Generated by org.testng.reporters.JUnitReportReporter -->
<testsuite skipped="0" hostname="ganesh" name="com.qa.tests.LoginTest" tests="1" failures="0" timestamp="17 Mar 2018 12:16:36 GMT" time="0.015" errors="0">
  <testcase name="test" time="0.015" classname="com.qa.tests.LoginTest"/>
</testsuite> <!-- com.qa.tests.LoginTest -->
